<?xml version="1.0" encoding="UTF-8"?>
<!-- Generated by org.testng.reporters.JUnitReportReporter -->
<testsuite hostname="MarkBook-Pro.local" failures="0" tests="1" name="io.techleadacademy.TestingTestNG" time="0.005" errors="0" timestamp="2020-01-12T11:29:55 EST" skipped="0">
  <testcase classname="io.techleadacademy.TestingTestNG" name="testTwoNums" time="0.005"/>
  <system-out/>
</testsuite> <!-- io.techleadacademy.TestingTestNG -->
